{"type":"server-started","port":61117,"host":"127.0.0.1","url_host":"localhost","url":"http://localhost:61117","screen_dir":"/Users/joygy/Documents/yasi/1/.superpowers/brainstorm/30750-1778825452/content","state_dir":"/Users/joygy/Documents/yasi/1/.superpowers/brainstorm/30750-1778825452/state"}
{"type":"screen-added","file":"/Users/joygy/Documents/yasi/1/.superpowers/brainstorm/30750-1778825452/content/card-designs.html"}
{"source":"user-event","type":"click","text":"P1\n          高频\n        \n        A Brief History of Tea\n        茶叶简史\n      \n    \n    \n      C. 毛玻璃卡片\n      半透明背景 + 模糊效果，现代感强","choice":"glass","id":null,"timestamp":1778825770892}
{"source":"user-event","type":"click","text":"P1\n          高频\n        \n        A Brief History of Tea\n        茶叶简史\n      \n    \n    \n      C. 毛玻璃卡片\n      半透明背景 + 模糊效果，现代感强","choice":"glass","id":null,"timestamp":1778825776024}
{"source":"user-event","type":"click","text":"P1\n          高频\n        \n        A Brief History of Tea\n        茶叶简史\n      \n    \n    \n      C. 毛玻璃卡片\n      半透明背景 + 模糊效果，现代感强","choice":"glass","id":null,"timestamp":1778825776595}
{"source":"user-event","type":"click","text":"P1\n          高频\n        \n        A Brief History of Tea\n        茶叶简史\n      \n    \n    \n      C. 毛玻璃卡片\n      半透明背景 + 模糊效果，现代感强","choice":"glass","id":null,"timestamp":1778825776758}
{"source":"user-event","type":"click","text":"P1\n          高频\n        \n        A Brief History of Tea\n        茶叶简史\n      \n    \n    \n      C. 毛玻璃卡片\n      半透明背景 + 模糊效果，现代感强","choice":"glass","id":null,"timestamp":1778825776908}
{"source":"user-event","type":"click","text":"P1\n          高频\n        \n        A Brief History of Tea\n        茶叶简史\n      \n    \n    \n      C. 毛玻璃卡片\n      半透明背景 + 模糊效果，现代感强","choice":"glass","id":null,"timestamp":1778825777291}
{"source":"user-event","type":"click","text":"P1\n          高频\n        \n        A Brief History of Tea\n        茶叶简史\n      \n    \n    \n      C. 毛玻璃卡片\n      半透明背景 + 模糊效果，现代感强","choice":"glass","id":null,"timestamp":1778825807508}
{"source":"user-event","type":"click","text":"P1\n          高频\n        \n        A Brief History of Tea\n        茶叶简史\n      \n    \n    \n      C. 毛玻璃卡片\n      半透明背景 + 模糊效果，现代感强","choice":"glass","id":null,"timestamp":1778825807861}
{"source":"user-event","type":"click","text":"P1\n          高频\n        \n        A Brief History of Tea\n        茶叶简史\n      \n    \n    \n      C. 毛玻璃卡片\n      半透明背景 + 模糊效果，现代感强","choice":"glass","id":null,"timestamp":1778825809174}
{"source":"user-event","type":"click","text":"P1\n          高频\n        \n        A Brief History of Tea\n        茶叶简史\n      \n    \n    \n      C. 毛玻璃卡片\n      半透明背景 + 模糊效果，现代感强","choice":"glass","id":null,"timestamp":1778825809594}
{"source":"user-event","type":"click","text":"P1\n          高频\n        \n        A Brief History of Tea\n        茶叶简史\n      \n    \n    \n      C. 毛玻璃卡片\n      半透明背景 + 模糊效果，现代感强","choice":"glass","id":null,"timestamp":1778825809741}
{"source":"user-event","type":"click","text":"P1\n          高频\n        \n        A Brief History of Tea\n        茶叶简史\n      \n    \n    \n      C. 毛玻璃卡片\n      半透明背景 + 模糊效果，现代感强","choice":"glass","id":null,"timestamp":1778825809925}
{"source":"user-event","type":"click","text":"P1\n          高频\n        \n        A Brief History of Tea\n        茶叶简史\n      \n    \n    \n      C. 毛玻璃卡片\n      半透明背景 + 模糊效果，现代感强","choice":"glass","id":null,"timestamp":1778825813294}
{"source":"user-event","type":"click","text":"P1\n          高频\n        \n        A Brief History of Tea\n        茶叶简史\n      \n    \n    \n      C. 毛玻璃卡片\n      半透明背景 + 模糊效果，现代感强","choice":"glass","id":null,"timestamp":1778825813674}
{"source":"user-event","type":"click","text":"P1\n          高频\n        \n        A Brief History of Tea\n        茶叶简史\n      \n    \n    \n      C. 毛玻璃卡片\n      半透明背景 + 模糊效果，现代感强","choice":"glass","id":null,"timestamp":1778825814009}
{"source":"user-event","type":"click","text":"P1\n          高频\n        \n        A Brief History of Tea\n        茶叶简史\n      \n    \n    \n      C. 毛玻璃卡片\n      半透明背景 + 模糊效果，现代感强","choice":"glass","id":null,"timestamp":1778825814633}
{"source":"user-event","type":"click","text":"P1\n          高频\n        \n        A Brief History of Tea\n        茶叶简史\n      \n    \n    \n      C. 毛玻璃卡片\n      半透明背景 + 模糊效果，现代感强","choice":"glass","id":null,"timestamp":1778825814828}
{"source":"user-event","type":"click","text":"P1\n          高频\n        \n        A Brief History of Tea\n        茶叶简史\n      \n    \n    \n      C. 毛玻璃卡片\n      半透明背景 + 模糊效果，现代感强","choice":"glass","id":null,"timestamp":1778825815091}
{"source":"user-event","type":"click","text":"P1\n          高频\n        \n        A Brief History of Tea\n        茶叶简史\n      \n    \n    \n      C. 毛玻璃卡片\n      半透明背景 + 模糊效果，现代感强","choice":"glass","id":null,"timestamp":1778825815324}
{"source":"user-event","type":"click","text":"P1\n          高频\n        \n        A Brief History of Tea\n        茶叶简史\n      \n    \n    \n      C. 毛玻璃卡片\n      半透明背景 + 模糊效果，现代感强","choice":"glass","id":null,"timestamp":1778825815474}
{"source":"user-event","type":"click","text":"P1\n          高频\n        \n        A Brief History of Tea\n        茶叶简史\n      \n    \n    \n      C. 毛玻璃卡片\n      半透明背景 + 模糊效果，现代感强","choice":"glass","id":null,"timestamp":1778825815624}
{"source":"user-event","type":"click","text":"P1\n          高频\n        \n        A Brief History of Tea\n        茶叶简史\n      \n    \n    \n      C. 毛玻璃卡片\n      半透明背景 + 模糊效果，现代感强","choice":"glass","id":null,"timestamp":1778825815774}
{"source":"user-event","type":"click","text":"P1\n          高频\n        \n        A Brief History of Tea\n        茶叶简史\n      \n    \n    \n      B. 扁平卡片\n      极简设计，用边框分隔内容，干净利落","choice":"flat","id":null,"timestamp":1778826067799}
{"source":"user-event","type":"click","text":"P1\n          高频\n        \n        A Brief History of Tea\n        茶叶简史\n      \n    \n    \n      A. 浮动卡片\n      深色背景上的悬浮卡片，带明显阴影和圆角，有层次感","choice":"floating","id":null,"timestamp":1778826068253}
{"source":"user-event","type":"click","text":"P1\n          高频\n        \n        A Brief History of Tea\n        茶叶简史\n      \n    \n    \n      C. 毛玻璃卡片\n      半透明背景 + 模糊效果，现代感强","choice":"glass","id":null,"timestamp":1778826068750}
{"source":"user-event","type":"click","text":"P1\n          高频\n        \n        A Brief History of Tea\n        茶叶简史\n      \n    \n    \n      B. 扁平卡片\n      极简设计，用边框分隔内容，干净利落","choice":"flat","id":null,"timestamp":1778826069266}
{"source":"user-event","type":"click","text":"P1\n          高频\n        \n        A Brief History of Tea\n        茶叶简史\n      \n    \n    \n      A. 浮动卡片\n      深色背景上的悬浮卡片，带明显阴影和圆角，有层次感","choice":"floating","id":null,"timestamp":1778826069650}
{"source":"user-event","type":"click","text":"P1\n          高频\n        \n        A Brief History of Tea\n        茶叶简史\n      \n    \n    \n      C. 毛玻璃卡片\n      半透明背景 + 模糊效果，现代感强","choice":"glass","id":null,"timestamp":1778826072583}
{"type":"screen-added","file":"/Users/joygy/Documents/yasi/1/.superpowers/brainstorm/30750-1778825452/content/mistake-book-designs.html"}
{"source":"user-event","type":"click","text":"P1\n            未掌握\n          \n          04/15 14:30\n        \n        What is the main purpose of the passage about tea history?\n        \n          \n            我的答案\n            A\n          \n          \n            正确答案\n            C\n          \n          \n            重做次数\n            2\n          \n        \n      \n    \n    \n      B. 详细卡片\n      信息丰富，有视觉层次，但占空间较大","choice":"detailed","id":null,"timestamp":1778826338253}
{"type":"server-stopped","reason":"idle timeout"}
